<?xml version="1.0" encoding="UTF-8"?><testsuite errors="0" failures="0" hostname="127.0.0.1" name="tests.specs.ioc.config.BinderTest" package="tests.specs.ioc.config.BinderTest" skipped="0" tests="49" time="1.025" timestamp="2014-06-10T19:02:15"><properties><property name="supportedlocales" value="Chinese (China),Chinese (Hong Kong),Chinese (Taiwan),Dutch (Belgian),Dutch (Standard),English (Australian),English (Canadian),English (New Zealand),English (UK),English (US),French (Belgian),French (Canadian),French (Standard),French (Swiss),German (Austrian),German (Standard),German (Swiss),Italian (Standard),Italian (Swiss),Japanese,Korean,Norwegian (Bokmal),Norwegian (Nynorsk),Portuguese (Brazilian),Portuguese (Standard),Spanish (Mexican),Spanish (Modern),Spanish (Standard),Swedish,ar,ar_AE,ar_BH,ar_DZ,ar_EG,ar_IQ,ar_JO,ar_KW,ar_LB,ar_LY,ar_MA,ar_OM,ar_QA,ar_SA,ar_SD,ar_SY,ar_TN,ar_YE,be,be_BY,bg,bg_BG,ca,ca_ES,cs,cs_CZ,da,da_DK,de,de_AT,de_CH,de_DE,de_LU,el,el_CY,el_GR,en,en_AU,en_CA,en_GB,en_IE,en_IN,en_MT,en_NZ,en_PH,en_SG,en_US,en_ZA,es,es_AR,es_BO,es_CL,es_CO,es_CR,es_DO,es_EC,es_ES,es_GT,es_HN,es_MX,es_NI,es_PA,es_PE,es_PR,es_PY,es_SV,es_US,es_UY,es_VE,et,et_EE,fi,fi_FI,fr,fr_BE,fr_CA,fr_CH,fr_FR,fr_LU,ga,ga_IE,hi_IN,hr,hr_HR,hu,hu_HU,in,in_ID,is,is_IS,it,it_CH,it_IT,iw,iw_IL,ja,ja_JP,ja_JP_JP,ko,ko_KR,lt,lt_LT,lv,lv_LV,mk,mk_MK,ms,ms_MY,mt,mt_MT,nl,nl_BE,nl_NL,no,no_NO,no_NO_NY,pl,pl_PL,pt,pt_BR,pt_PT,ro,ro_RO,ru,ru_RU,sk,sk_SK,sl,sl_SI,sq,sq_AL,sr,sr_BA,sr_CS,sr_ME,sr_RS,sv,sv_SE,th,th_TH,th_TH_TH,tr,tr_TR,uk,uk_UA,vi,vi_VN,zh,zh_CN,zh_HK,zh_SG,zh_TW"/><property name="expiration" value="{ts '2014-06-10 16:47:09'}"/><property name="productname" value="ColdFusion Server"/><property name="installkit" value="Native UNIX"/><property name="appserver" value="J2EE"/><property name="rootdir" value="/Applications/ColdFusion10/cfusion"/><property name="productlevel" value="Developer"/><property name="productversion" value="10,0,13,287689"/><property name="buildnumber" value=""/><property name="arch" value="x86_64"/><property name="version" value="10.9.3"/><property name="name" value="Mac OS X"/><property name="additionalinformation" value="Mac OS X"/><property name="http_user_agent" value="Java/1.7.0_45"/><property name="web_server_api" value=""/><property name="path_translated" value="/Users/lmajano/Sites/cboxdev/core/coldbox/tests/runner.cfm"/><property name="content_type" value=""/><property name="http_accept_language" value=""/><property name="http_referer" value=""/><property name="http_accept" value="text/html, image/gif, image/jpeg, *; q=.2, */*; q=.2"/><property name="cert_server_issuer" value=""/><property name="cert_server_subject" value=""/><property name="http_accept_encoding" value=""/><property name="server_software" value="Apache/2.2.26 (Unix) PHP/5.4.24 Resin/3.1.2 JRun/4.0 mod_jk/1.2.37 mod_ssl/2.2.26 OpenSSL/0.9.8y DAV/2 mod_perl/2.0.7 Perl/v5.16.2"/><property name="server_name" value="cf10cboxdev.jfetmac"/><property name="cf_template_path" value="/Users/lmajano/Sites/cboxdev/core/coldbox/tests/runner.cfm"/><property name="cert_flags" value=""/><property name="https_server_issuer" value=""/><property name="context_path" value=""/><property name="http_cookie" value=""/><property name="server_protocol" value="HTTP/1.1"/><property name="cert_secretkeysize" value=""/><property name="request_method" value="GET"/><property name="https_secretkeysize" value=""/><property name="auth_password" value=""/><property name="https" value="off"/><property name="cert_serialnumber" value=""/><property name="cert_subject" value=""/><property name="server_port" value="80"/><property name="cert_keysize" value=""/><property name="script_name" value="/coldbox/tests/runner.cfm"/><property name="remote_addr" value="127.0.0.1"/><property name="server_port_secure" value="0"/><property name="remote_host" value="127.0.0.1"/><property name="https_keysize" value=""/><property name="http_host" value="cf10cboxdev.jfetmac"/><property name="http_connection" value="keep-alive"/><property name="auth_user" value=""/><property name="remote_user" value=""/><property name="path_info" value=""/><property name="query_string" value="&amp;directory=tests.specs.ioc&amp;recurse=true&amp;reporter=ANTJunit&amp;labels=&amp;reportPath=/Users/lmajano/Sites/cboxdev/core/coldbox/tests/automation/results-wirebox&amp;propertiesSummary=true"/><property name="cert_issuer" value=""/><property name="cert_cookie" value=""/><property name="https_server_subject" value=""/><property name="gateway_interface" value=""/><property name="auth_type" value=""/><property name="content_length" value="0"/></properties><testcase classname="tests.specs.ioc.config.BinderTest" name="tests.specs.ioc.config.BinderTest testToProvider" time="0.019"/><testcase classname="tests.specs.ioc.config.BinderTest" name="tests.specs.ioc.config.BinderTest testMappings" time="0.02"/><testcase classname="tests.specs.ioc.config.BinderTest" name="tests.specs.ioc.config.BinderTest testThreadSafety" time="0.021"/><testcase classname="tests.specs.ioc.config.BinderTest" name="tests.specs.ioc.config.BinderTest testMapFactoryMethod" time="0.018"/><testcase classname="tests.specs.ioc.config.BinderTest" name="tests.specs.ioc.config.BinderTest testOnDIComplete" time="0.022"/><testcase classname="tests.specs.ioc.config.BinderTest" name="tests.specs.ioc.config.BinderTest testTo" time="0.018"/><testcase classname="tests.specs.ioc.config.BinderTest" name="tests.specs.ioc.config.BinderTest testMapPath" time="0.018"/><testcase classname="tests.specs.ioc.config.BinderTest" name="tests.specs.ioc.config.BinderTest testToWebservice" time="0.019"/><testcase classname="tests.specs.ioc.config.BinderTest" name="tests.specs.ioc.config.BinderTest testRemoveScanLocations" time="0.019"/><testcase classname="tests.specs.ioc.config.BinderTest" name="tests.specs.ioc.config.BinderTest testVirtualInheritance" time="0.018"/><testcase classname="tests.specs.ioc.config.BinderTest" name="tests.specs.ioc.config.BinderTest testCacheBoxIntegration" time="0.02"/><testcase classname="tests.specs.ioc.config.BinderTest" name="tests.specs.ioc.config.BinderTest testMap" time="0.023"/><testcase classname="tests.specs.ioc.config.BinderTest" name="tests.specs.ioc.config.BinderTest testUnMap" time="0.021"/><testcase classname="tests.specs.ioc.config.BinderTest" name="tests.specs.ioc.config.BinderTest testBinderWithConfigInstance" time="0.03"/><testcase classname="tests.specs.ioc.config.BinderTest" name="tests.specs.ioc.config.BinderTest testToRSS" time="0.019"/><testcase classname="tests.specs.ioc.config.BinderTest" name="tests.specs.ioc.config.BinderTest testSetConstructor" time="0.02"/><testcase classname="tests.specs.ioc.config.BinderTest" name="tests.specs.ioc.config.BinderTest testInto" time="0.032"/><testcase classname="tests.specs.ioc.config.BinderTest" name="tests.specs.ioc.config.BinderTest testStopRecursions" time="0.018"/><testcase classname="tests.specs.ioc.config.BinderTest" name="tests.specs.ioc.config.BinderTest testWith" time="0.02"/><testcase classname="tests.specs.ioc.config.BinderTest" name="tests.specs.ioc.config.BinderTest testBinderStandalone" time="0.022"/><testcase classname="tests.specs.ioc.config.BinderTest" name="tests.specs.ioc.config.BinderTest testMapPathToNamespace" time="0.023"/><testcase classname="tests.specs.ioc.config.BinderTest" name="tests.specs.ioc.config.BinderTest testScanLocations" time="0.019"/><testcase classname="tests.specs.ioc.config.BinderTest" name="tests.specs.ioc.config.BinderTest testNoInit" time="0.023"/><testcase classname="tests.specs.ioc.config.BinderTest" name="tests.specs.ioc.config.BinderTest testEagerInit" time="0.019"/><testcase classname="tests.specs.ioc.config.BinderTest" name="tests.specs.ioc.config.BinderTest testBindAspect" time="0.019"/><testcase classname="tests.specs.ioc.config.BinderTest" name="tests.specs.ioc.config.BinderTest testToDSL" time="0.021"/><testcase classname="tests.specs.ioc.config.BinderTest" name="tests.specs.ioc.config.BinderTest testMapAspect" time="0.018"/><testcase classname="tests.specs.ioc.config.BinderTest" name="tests.specs.ioc.config.BinderTest testMapDirectory" time="0.043"/><testcase classname="tests.specs.ioc.config.BinderTest" name="tests.specs.ioc.config.BinderTest testMixins" time="0.023"/><testcase classname="tests.specs.ioc.config.BinderTest" name="tests.specs.ioc.config.BinderTest testToJava" time="0.018"/><testcase classname="tests.specs.ioc.config.BinderTest" name="tests.specs.ioc.config.BinderTest testInitWith" time="0.02"/><testcase classname="tests.specs.ioc.config.BinderTest" name="tests.specs.ioc.config.BinderTest testToValue" time="0.021"/><testcase classname="tests.specs.ioc.config.BinderTest" name="tests.specs.ioc.config.BinderTest testScopeRegistration" time="0.018"/><testcase classname="tests.specs.ioc.config.BinderTest" name="tests.specs.ioc.config.BinderTest testProperty" time="0.021"/><testcase classname="tests.specs.ioc.config.BinderTest" name="tests.specs.ioc.config.BinderTest testNoAutowire" time="0.018"/><testcase classname="tests.specs.ioc.config.BinderTest" name="tests.specs.ioc.config.BinderTest testLogBoxConfig" time="0.021"/><testcase classname="tests.specs.ioc.config.BinderTest" name="tests.specs.ioc.config.BinderTest testProperties" time="0.019"/><testcase classname="tests.specs.ioc.config.BinderTest" name="tests.specs.ioc.config.BinderTest testBinderWithConfigPath" time="0.019"/><testcase classname="tests.specs.ioc.config.BinderTest" name="tests.specs.ioc.config.BinderTest testMatch" time="0.021"/><testcase classname="tests.specs.ioc.config.BinderTest" name="tests.specs.ioc.config.BinderTest testListenerMethods" time="0.019"/><testcase classname="tests.specs.ioc.config.BinderTest" name="tests.specs.ioc.config.BinderTest testSetter" time="0.019"/><testcase classname="tests.specs.ioc.config.BinderTest" name="tests.specs.ioc.config.BinderTest testLoadDataDSL" time="0.019"/><testcase classname="tests.specs.ioc.config.BinderTest" name="tests.specs.ioc.config.BinderTest testAsSingleton" time="0.02"/><testcase classname="tests.specs.ioc.config.BinderTest" name="tests.specs.ioc.config.BinderTest testScopes" time="0.021"/><testcase classname="tests.specs.ioc.config.BinderTest" name="tests.specs.ioc.config.BinderTest testParent" time="0.023"/><testcase classname="tests.specs.ioc.config.BinderTest" name="tests.specs.ioc.config.BinderTest testParentInjector" time="0.022"/><testcase classname="tests.specs.ioc.config.BinderTest" name="tests.specs.ioc.config.BinderTest testDSLs" time="0.018"/><testcase classname="tests.specs.ioc.config.BinderTest" name="tests.specs.ioc.config.BinderTest testExtraAttributes" time="0.018"/><testcase classname="tests.specs.ioc.config.BinderTest" name="tests.specs.ioc.config.BinderTest testInitArg" time="0.018"/></testsuite>